[2025-05-31 01:12:56,202] 1025 httpx - INFO - HTTP Request: GET https://dagshub.com/api/v1/user "HTTP/1.1 200 OK"
[2025-05-31 01:12:56,205] 107 dagshub - INFO - Accessing as ramgovind12
[2025-05-31 01:12:56,893] 1025 httpx - INFO - HTTP Request: GET https://dagshub.com/api/v1/repos/ramgovind12/Network-Security "HTTP/1.1 200 OK"
[2025-05-31 01:12:57,545] 1025 httpx - INFO - HTTP Request: GET https://dagshub.com/api/v1/user "HTTP/1.1 200 OK"
[2025-05-31 01:12:57,547] 107 dagshub - INFO - Initialized MLflow to track repo "ramgovind12/Network-Security"
[2025-05-31 01:12:57,548] 107 dagshub - INFO - Repository ramgovind12/Network-Security initialized!
[2025-05-31 01:13:16,502] 36 root - INFO - Start data Ingestion
[2025-05-31 01:13:22,497] 57 root - INFO - Performed train test split on the dataframe
[2025-05-31 01:13:22,497] 58 root - INFO - Exited split_data_as_train_test method of Data Ingestion class
[2025-05-31 01:13:22,497] 62 root - INFO - Exporting train and test file path
[2025-05-31 01:13:22,549] 70 root - INFO - Exported train and test file path
[2025-05-31 01:13:22,549] 39 root - INFO - Data Ingestion completed and artifact: DataIngestionArtifacts(trained_file_path='Artifacts\\05_31_2025_01_12_52\\data_ingestion\\ingested\\train.csv', test_file_path='Artifacts\\05_31_2025_01_12_52\\data_ingestion\\ingested\\test.csv')
[2025-05-31 01:13:22,554] 49 root - INFO - Initiate the data Validation
[2025-05-31 01:13:22,573] 31 root - INFO - Required number of columns:2
[2025-05-31 01:13:22,573] 32 root - INFO - Columns in dataframe:31
[2025-05-31 01:13:22,573] 31 root - INFO - Required number of columns:2
[2025-05-31 01:13:22,573] 32 root - INFO - Columns in dataframe:31
[2025-05-31 01:13:22,712] 48 root - INFO - Entered initiate_data_transformation method of DataTransformation class
[2025-05-31 01:13:22,712] 50 root - INFO - Starting data transformation
[2025-05-31 01:13:22,732] 38 root - INFO - Entered data_transformer_object method of DataTransformation class
[2025-05-31 01:13:22,732] 41 root - INFO - Initialise KNNImputer with {'missing_values': nan, 'n_neighbors': 3, 'weights': 'uniform'}
[2025-05-31 01:13:22,743] 43 root - INFO - Entered the save_object method of MainUtils class
[2025-05-31 01:13:22,745] 47 root - INFO - Exited the save_object method of MainUtils class
[2025-05-31 01:13:22,745] 43 root - INFO - Entered the save_object method of MainUtils class
[2025-05-31 01:13:22,748] 47 root - INFO - Exited the save_object method of MainUtils class
[2025-05-31 01:16:51,786] 43 root - INFO - Entered the save_object method of MainUtils class
[2025-05-31 01:16:51,818] 47 root - INFO - Exited the save_object method of MainUtils class
[2025-05-31 01:16:51,818] 43 root - INFO - Entered the save_object method of MainUtils class
[2025-05-31 01:16:51,847] 47 root - INFO - Exited the save_object method of MainUtils class
[2025-05-31 01:16:51,847] 123 root - INFO - Model trainer artifact: ModelTrainerArtifact(trained_model_file_path='Artifacts\\05_31_2025_01_12_52\\trained_model\\model.pkl', train_metric_artifact=ClassificationMetricArtifact(f1_score=0.991528842275111, precision_score=0.9899315344341523, recall_score=0.9931313131313131), test_metric_artifactr=ClassificationMetricArtifact(f1_score=0.9709373720835038, precision_score=0.959546925566343, recall_score=0.9826014913007457))
